<?xml version="1.0" encoding="UTF-8"?>
<testsuite name="RealBillingServiceTest" tests="1" skipped="0" failures="1" errors="0" timestamp="2019-05-31T09:47:09" hostname="tcgpc1-HP-250-G5-Notebook-PC" time="0.018">
  <properties/>
  <testcase name="testSuccessfulCharge" classname="RealBillingServiceTest" time="0.018">
    <failure message="java.lang.StackOverflowError" type="java.lang.StackOverflowError">java.lang.StackOverflowError
	at Receipt.forSystemFailure(Receipt.java:11)
	at Receipt.forSystemFailure(Receipt.java:11)
	at Receipt.forSystemFailure(Receipt.java:11)
	at Receipt.forSystemFailure(Receipt.java:11)
	at Receipt.forSystemFailure(Receipt.java:11)
	at Receipt.forSystemFailure(Receipt.java:11)
	at Receipt.forSystemFailure(Receipt.java:11)
	at Receipt.forSystemFailure(Receipt.java:11)
	at Receipt.forSystemFailure(Receipt.java:11)
	at Receipt.forSystemFailure(Receipt.java:11)
	at Receipt.forSystemFailure(Receipt.java:11)
	at Receipt.forSystemFailure(Receipt.java:11)
	at Receipt.forSystemFailure(Receipt.java:11)
	at Receipt.forSystemFailure(Receipt.java:11)
	at Receipt.forSystemFailure(Receipt.java:11)
	at Receipt.forSystemFailure(Receipt.java:11)
	at Receipt.forSystemFailure(Receipt.java:11)
	at Receipt.forSystemFailure(Receipt.java:11)
	at Receipt.forSystemFailure(Receipt.java:11)
	at Receipt.forSystemFailure(Receipt.java:11)
	at Receipt.forSystemFailure(Receipt.java:11)
	at Receipt.forSystemFailure(Receipt.java:11)
	at Receipt.forSystemFailure(Receipt.java:11)
	at Receipt.forSystemFailure(Receipt.java:11)
	at Receipt.forSystemFailure(Receipt.java:11)
	at Receipt.forSystemFailure(Receipt.java:11)
	at Receipt.forSystemFailure(Receipt.java:11)
	at Receipt.forSystemFailure(Receipt.java:11)
	at Receipt.forSystemFailure(Receipt.java:11)
	at Receipt.forSystemFailure(Receipt.java:11)
	at Receipt.forSystemFailure(Receipt.java:11)
	at Receipt.forSystemFailure(Receipt.java:11)
	at Receipt.forSystemFailure(Receipt.java:11)
	at Receipt.forSystemFailure(Receipt.java:11)
	at Receipt.forSystemFailure(Receipt.java:11)
	at Receipt.forSystemFailure(Receipt.java:11)
	at Receipt.forSystemFailure(Receipt.java:11)
	at Receipt.forSystemFailure(Receipt.java:11)
	at Receipt.forSystemFailure(Receipt.java:11)
	at Receipt.forSystemFailure(Receipt.java:11)
	at Receipt.forSystemFailure(Receipt.java:11)
	at Receipt.forSystemFailure(Receipt.java:11)
	at Receipt.forSystemFailure(Receipt.java:11)
	at Receipt.forSystemFailure(Receipt.java:11)
	at Receipt.forSystemFailure(Receipt.java:11)
	at Receipt.forSystemFailure(Receipt.java:11)
	at Receipt.forSystemFailure(Receipt.java:11)
	at Receipt.forSystemFailure(Receipt.java:11)
	at Receipt.forSystemFailure(Receipt.java:11)
	at Receipt.forSystemFailure(Receipt.java:11)
	at Receipt.forSystemFailure(Receipt.java:11)
	at Receipt.forSystemFailure(Receipt.java:11)
	at Receipt.forSystemFailure(Receipt.java:11)
	at Receipt.forSystemFailure(Receipt.java:11)
	at Receipt.forSystemFailure(Receipt.java:11)
	at Receipt.forSystemFailure(Receipt.java:11)
	at Receipt.forSystemFailure(Receipt.java:11)
	at Receipt.forSystemFailure(Receipt.java:11)
	at Receipt.forSystemFailure(Receipt.java:11)
	at Receipt.forSystemFailure(Receipt.java:11)
	at Receipt.forSystemFailure(Receipt.java:11)
	at Receipt.forSystemFailure(Receipt.java:11)
	at Receipt.forSystemFailure(Receipt.java:11)
	at Receipt.forSystemFailure(Receipt.java:11)
	at Receipt.forSystemFailure(Receipt.java:11)
	at Receipt.forSystemFailure(Receipt.java:11)
	at Receipt.forSystemFailure(Receipt.java:11)
	at Receipt.forSystemFailure(Receipt.java:11)
	at Receipt.forSystemFailure(Receipt.java:11)
	at Receipt.forSystemFailure(Receipt.java:11)
	at Receipt.forSystemFailure(Receipt.java:11)
	at Receipt.forSystemFailure(Receipt.java:11)
	at Receipt.forSystemFailure(Receipt.java:11)
	at Receipt.forSystemFailure(Receipt.java:11)
	at Receipt.forSystemFailure(Receipt.java:11)
	at Receipt.forSystemFailure(Receipt.java:11)
	at Receipt.forSystemFailure(Receipt.java:11)
	at Receipt.forSystemFailure(Receipt.java:11)
	at Receipt.forSystemFailure(Receipt.java:11)
	at Receipt.forSystemFailure(Receipt.java:11)
	at Receipt.forSystemFailure(Receipt.java:11)
	at Receipt.forSystemFailure(Receipt.java:11)
	at Receipt.forSystemFailure(Receipt.java:11)
	at Receipt.forSystemFailure(Receipt.java:11)
	at Receipt.forSystemFailure(Receipt.java:11)
	at Receipt.forSystemFailure(Receipt.java:11)
	at Receipt.forSystemFailure(Receipt.java:11)
	at Receipt.forSystemFailure(Receipt.java:11)
	at Receipt.forSystemFailure(Receipt.java:11)
	at Receipt.forSystemFailure(Receipt.java:11)
	at Receipt.forSystemFailure(Receipt.java:11)
	at Receipt.forSystemFailure(Receipt.java:11)
	at Receipt.forSystemFailure(Receipt.java:11)
	at Receipt.forSystemFailure(Receipt.java:11)
	at Receipt.forSystemFailure(Receipt.java:11)
	at Receipt.forSystemFailure(Receipt.java:11)
	at Receipt.forSystemFailure(Receipt.java:11)
	at Receipt.forSystemFailure(Receipt.java:11)
	at Receipt.forSystemFailure(Receipt.java:11)
	at Receipt.forSystemFailure(Receipt.java:11)
	at Receipt.forSystemFailure(Receipt.java:11)
	at Receipt.forSystemFailure(Receipt.java:11)
	at Receipt.forSystemFailure(Receipt.java:11)
	at Receipt.forSystemFailure(Receipt.java:11)
	at Receipt.forSystemFailure(Receipt.java:11)
	at Receipt.forSystemFailure(Receipt.java:11)
	at Receipt.forSystemFailure(Receipt.java:11)
	at Receipt.forSystemFailure(Receipt.java:11)
	at Receipt.forSystemFailure(Receipt.java:11)
	at Receipt.forSystemFailure(Receipt.java:11)
	at Receipt.forSystemFailure(Receipt.java:11)
	at Receipt.forSystemFailure(Receipt.java:11)
	at Receipt.forSystemFailure(Receipt.java:11)
	at Receipt.forSystemFailure(Receipt.java:11)
	at Receipt.forSystemFailure(Receipt.java:11)
	at Receipt.forSystemFailure(Receipt.java:11)
	at Receipt.forSystemFailure(Receipt.java:11)
	at Receipt.forSystemFailure(Receipt.java:11)
	at Receipt.forSystemFailure(Receipt.java:11)
	at Receipt.forSystemFailure(Receipt.java:11)
	at Receipt.forSystemFailure(Receipt.java:11)
	at Receipt.forSystemFailure(Receipt.java:11)
	at Receipt.forSystemFailure(Receipt.java:11)
	at Receipt.forSystemFailure(Receipt.java:11)
	at Receipt.forSystemFailure(Receipt.java:11)
	at Receipt.forSystemFailure(Receipt.java:11)
	at Receipt.forSystemFailure(Receipt.java:11)
	at Receipt.forSystemFailure(Receipt.java:11)
	at Receipt.forSystemFailure(Receipt.java:11)
	at Receipt.forSystemFailure(Receipt.java:11)
	at Receipt.forSystemFailure(Receipt.java:11)
	at Receipt.forSystemFailure(Receipt.java:11)
	at Receipt.forSystemFailure(Receipt.java:11)
	at Receipt.forSystemFailure(Receipt.java:11)
	at Receipt.forSystemFailure(Receipt.java:11)
	at Receipt.forSystemFailure(Receipt.java:11)
	at Receipt.forSystemFailure(Receipt.java:11)
	at Receipt.forSystemFailure(Receipt.java:11)
	at Receipt.forSystemFailure(Receipt.java:11)
	at Receipt.forSystemFailure(Receipt.java:11)
	at Receipt.forSystemFailure(Receipt.java:11)
	at Receipt.forSystemFailure(Receipt.java:11)
	at Receipt.forSystemFailure(Receipt.java:11)
	at Receipt.forSystemFailure(Receipt.java:11)
	at Receipt.forSystemFailure(Receipt.java:11)
	at Receipt.forSystemFailure(Receipt.java:11)
	at Receipt.forSystemFailure(Receipt.java:11)
	at Receipt.forSystemFailure(Receipt.java:11)
	at Receipt.forSystemFailure(Receipt.java:11)
	at Receipt.forSystemFailure(Receipt.java:11)
	at Receipt.forSystemFailure(Receipt.java:11)
	at Receipt.forSystemFailure(Receipt.java:11)
	at Receipt.forSystemFailure(Receipt.java:11)
	at Receipt.forSystemFailure(Receipt.java:11)
	at Receipt.forSystemFailure(Receipt.java:11)
	at Receipt.forSystemFailure(Receipt.java:11)
	at Receipt.forSystemFailure(Receipt.java:11)
	at Receipt.forSystemFailure(Receipt.java:11)
	at Receipt.forSystemFailure(Receipt.java:11)
	at Receipt.forSystemFailure(Receipt.java:11)
	at Receipt.forSystemFailure(Receipt.java:11)
	at Receipt.forSystemFailure(Receipt.java:11)
	at Receipt.forSystemFailure(Receipt.java:11)
	at Receipt.forSystemFailure(Receipt.java:11)
	at Receipt.forSystemFailure(Receipt.java:11)
	at Receipt.forSystemFailure(Receipt.java:11)
	at Receipt.forSystemFailure(Receipt.java:11)
	at Receipt.forSystemFailure(Receipt.java:11)
	at Receipt.forSystemFailure(Receipt.java:11)
	at Receipt.forSystemFailure(Receipt.java:11)
	at Receipt.forSystemFailure(Receipt.java:11)
	at Receipt.forSystemFailure(Receipt.java:11)
	at Receipt.forSystemFailure(Receipt.java:11)
	at Receipt.forSystemFailure(Receipt.java:11)
	at Receipt.forSystemFailure(Receipt.java:11)
	at Receipt.forSystemFailure(Receipt.java:11)
	at Receipt.forSystemFailure(Receipt.java:11)
	at Receipt.forSystemFailure(Receipt.java:11)
	at Receipt.forSystemFailure(Receipt.java:11)
	at Receipt.forSystemFailure(Receipt.java:11)
	at Receipt.forSystemFailure(Receipt.java:11)
	at Receipt.forSystemFailure(Receipt.java:11)
	at Receipt.forSystemFailure(Receipt.java:11)
	at Receipt.forSystemFailure(Receipt.java:11)
	at Receipt.forSystemFailure(Receipt.java:11)
	at Receipt.forSystemFailure(Receipt.java:11)
	at Receipt.forSystemFailure(Receipt.java:11)
	at Receipt.forSystemFailure(Receipt.java:11)
	at Receipt.forSystemFailure(Receipt.java:11)
	at Receipt.forSystemFailure(Receipt.java:11)
	at Receipt.forSystemFailure(Receipt.java:11)
	at Receipt.forSystemFailure(Receipt.java:11)
	at Receipt.forSystemFailure(Receipt.java:11)
	at Receipt.forSystemFailure(Receipt.java:11)
	at Receipt.forSystemFailure(Receipt.java:11)
	at Receipt.forSystemFailure(Receipt.java:11)
	at Receipt.forSystemFailure(Receipt.java:11)
	at Receipt.forSystemFailure(Receipt.java:11)
	at Receipt.forSystemFailure(Receipt.java:11)
	at Receipt.forSystemFailure(Receipt.java:11)
	at Receipt.forSystemFailure(Receipt.java:11)
	at Receipt.forSystemFailure(Receipt.java:11)
	at Receipt.forSystemFailure(Receipt.java:11)
	at Receipt.forSystemFailure(Receipt.java:11)
	at Receipt.forSystemFailure(Receipt.java:11)
	at Receipt.forSystemFailure(Receipt.java:11)
	at Receipt.forSystemFailure(Receipt.java:11)
	at Receipt.forSystemFailure(Receipt.java:11)
	at Receipt.forSystemFailure(Receipt.java:11)
	at Receipt.forSystemFailure(Receipt.java:11)
	at Receipt.forSystemFailure(Receipt.java:11)
	at Receipt.forSystemFailure(Receipt.java:11)
	at Receipt.forSystemFailure(Receipt.java:11)
	at Receipt.forSystemFailure(Receipt.java:11)
	at Receipt.forSystemFailure(Receipt.java:11)
	at Receipt.forSystemFailure(Receipt.java:11)
	at Receipt.forSystemFailure(Receipt.java:11)
	at Receipt.forSystemFailure(Receipt.java:11)
	at Receipt.forSystemFailure(Receipt.java:11)
	at Receipt.forSystemFailure(Receipt.java:11)
	at Receipt.forSystemFailure(Receipt.java:11)
	at Receipt.forSystemFailure(Receipt.java:11)
	at Receipt.forSystemFailure(Receipt.java:11)
	at Receipt.forSystemFailure(Receipt.java:11)
	at Receipt.forSystemFailure(Receipt.java:11)
	at Receipt.forSystemFailure(Receipt.java:11)
	at Receipt.forSystemFailure(Receipt.java:11)
	at Receipt.forSystemFailure(Receipt.java:11)
	at Receipt.forSystemFailure(Receipt.java:11)
	at Receipt.forSystemFailure(Receipt.java:11)
	at Receipt.forSystemFailure(Receipt.java:11)
	at Receipt.forSystemFailure(Receipt.java:11)
	at Receipt.forSystemFailure(Receipt.java:11)
	at Receipt.forSystemFailure(Receipt.java:11)
	at Receipt.forSystemFailure(Receipt.java:11)
	at Receipt.forSystemFailure(Receipt.java:11)
	at Receipt.forSystemFailure(Receipt.java:11)
	at Receipt.forSystemFailure(Receipt.java:11)
	at Receipt.forSystemFailure(Receipt.java:11)
	at Receipt.forSystemFailure(Receipt.java:11)
	at Receipt.forSystemFailure(Receipt.java:11)
	at Receipt.forSystemFailure(Receipt.java:11)
	at Receipt.forSystemFailure(Receipt.java:11)
	at Receipt.forSystemFailure(Receipt.java:11)
	at Receipt.forSystemFailure(Receipt.java:11)
	at Receipt.forSystemFailure(Receipt.java:11)
	at Receipt.forSystemFailure(Receipt.java:11)
	at Receipt.forSystemFailure(Receipt.java:11)
	at Receipt.forSystemFailure(Receipt.java:11)
	at Receipt.forSystemFailure(Receipt.java:11)
	at Receipt.forSystemFailure(Receipt.java:11)
	at Receipt.forSystemFailure(Receipt.java:11)
	at Receipt.forSystemFailure(Receipt.java:11)
	at Receipt.forSystemFailure(Receipt.java:11)
	at Receipt.forSystemFailure(Receipt.java:11)
	at Receipt.forSystemFailure(Receipt.java:11)
	at Receipt.forSystemFailure(Receipt.java:11)
	at Receipt.forSystemFailure(Receipt.java:11)
	at Receipt.forSystemFailure(Receipt.java:11)
	at Receipt.forSystemFailure(Receipt.java:11)
	at Receipt.forSystemFailure(Receipt.java:11)
	at Receipt.forSystemFailure(Receipt.java:11)
	at Receipt.forSystemFailure(Receipt.java:11)
	at Receipt.forSystemFailure(Receipt.java:11)
	at Receipt.forSystemFailure(Receipt.java:11)
	at Receipt.forSystemFailure(Receipt.java:11)
	at Receipt.forSystemFailure(Receipt.java:11)
	at Receipt.forSystemFailure(Receipt.java:11)
	at Receipt.forSystemFailure(Receipt.java:11)
	at Receipt.forSystemFailure(Receipt.java:11)
	at Receipt.forSystemFailure(Receipt.java:11)
	at Receipt.forSystemFailure(Receipt.java:11)
	at Receipt.forSystemFailure(Receipt.java:11)
	at Receipt.forSystemFailure(Receipt.java:11)
	at Receipt.forSystemFailure(Receipt.java:11)
	at Receipt.forSystemFailure(Receipt.java:11)
	at Receipt.forSystemFailure(Receipt.java:11)
	at Receipt.forSystemFailure(Receipt.java:11)
	at Receipt.forSystemFailure(Receipt.java:11)
	at Receipt.forSystemFailure(Receipt.java:11)
	at Receipt.forSystemFailure(Receipt.java:11)
	at Receipt.forSystemFailure(Receipt.java:11)
	at Receipt.forSystemFailure(Receipt.java:11)
	at Receipt.forSystemFailure(Receipt.java:11)
	at Receipt.forSystemFailure(Receipt.java:11)
	at Receipt.forSystemFailure(Receipt.java:11)
	at Receipt.forSystemFailure(Receipt.java:11)
	at Receipt.forSystemFailure(Receipt.java:11)
	at Receipt.forSystemFailure(Receipt.java:11)
	at Receipt.forSystemFailure(Receipt.java:11)
	at Receipt.forSystemFailure(Receipt.java:11)
	at Receipt.forSystemFailure(Receipt.java:11)
	at Receipt.forSystemFailure(Receipt.java:11)
	at Receipt.forSystemFailure(Receipt.java:11)
	at Receipt.forSystemFailure(Receipt.java:11)
	at Receipt.forSystemFailure(Receipt.java:11)
	at Receipt.forSystemFailure(Receipt.java:11)
	at Receipt.forSystemFailure(Receipt.java:11)
	at Receipt.forSystemFailure(Receipt.java:11)
	at Receipt.forSystemFailure(Receipt.java:11)
	at Receipt.forSystemFailure(Receipt.java:11)
	at Receipt.forSystemFailure(Receipt.java:11)
	at Receipt.forSystemFailure(Receipt.java:11)
	at Receipt.forSystemFailure(Receipt.java:11)
	at Receipt.forSystemFailure(Receipt.java:11)
	at Receipt.forSystemFailure(Receipt.java:11)
	at Receipt.forSystemFailure(Receipt.java:11)
	at Receipt.forSystemFailure(Receipt.java:11)
	at Receipt.forSystemFailure(Receipt.java:11)
	at Receipt.forSystemFailure(Receipt.java:11)
	at Receipt.forSystemFailure(Receipt.java:11)
	at Receipt.forSystemFailure(Receipt.java:11)
	at Receipt.forSystemFailure(Receipt.java:11)
	at Receipt.forSystemFailure(Receipt.java:11)
	at Receipt.forSystemFailure(Receipt.java:11)
	at Receipt.forSystemFailure(Receipt.java:11)
	at Receipt.forSystemFailure(Receipt.java:11)
	at Receipt.forSystemFailure(Receipt.java:11)
	at Receipt.forSystemFailure(Receipt.java:11)
	at Receipt.forSystemFailure(Receipt.java:11)
	at Receipt.forSystemFailure(Receipt.java:11)
	at Receipt.forSystemFailure(Receipt.java:11)
	at Receipt.forSystemFailure(Receipt.java:11)
	at Receipt.forSystemFailure(Receipt.java:11)
	at Receipt.forSystemFailure(Receipt.java:11)
	at Receipt.forSystemFailure(Receipt.java:11)
	at Receipt.forSystemFailure(Receipt.java:11)
	at Receipt.forSystemFailure(Receipt.java:11)
	at Receipt.forSystemFailure(Receipt.java:11)
	at Receipt.forSystemFailure(Receipt.java:11)
	at Receipt.forSystemFailure(Receipt.java:11)
	at Receipt.forSystemFailure(Receipt.java:11)
	at Receipt.forSystemFailure(Receipt.java:11)
	at Receipt.forSystemFailure(Receipt.java:11)
	at Receipt.forSystemFailure(Receipt.java:11)
	at Receipt.forSystemFailure(Receipt.java:11)
	at Receipt.forSystemFailure(Receipt.java:11)
	at Receipt.forSystemFailure(Receipt.java:11)
	at Receipt.forSystemFailure(Receipt.java:11)
	at Receipt.forSystemFailure(Receipt.java:11)
	at Receipt.forSystemFailure(Receipt.java:11)
	at Receipt.forSystemFailure(Receipt.java:11)
	at Receipt.forSystemFailure(Receipt.java:11)
	at Receipt.forSystemFailure(Receipt.java:11)
	at Receipt.forSystemFailure(Receipt.java:11)
	at Receipt.forSystemFailure(Receipt.java:11)
	at Receipt.forSystemFailure(Receipt.java:11)
	at Receipt.forSystemFailure(Receipt.java:11)
	at Receipt.forSystemFailure(Receipt.java:11)
	at Receipt.forSystemFailure(Receipt.java:11)
	at Receipt.forSystemFailure(Receipt.java:11)
	at Receipt.forSystemFailure(Receipt.java:11)
	at Receipt.forSystemFailure(Receipt.java:11)
	at Receipt.forSystemFailure(Receipt.java:11)
	at Receipt.forSystemFailure(Receipt.java:11)
	at Receipt.forSystemFailure(Receipt.java:11)
	at Receipt.forSystemFailure(Receipt.java:11)
	at Receipt.forSystemFailure(Receipt.java:11)
	at Receipt.forSystemFailure(Receipt.java:11)
	at Receipt.forSystemFailure(Receipt.java:11)
	at Receipt.forSystemFailure(Receipt.java:11)
	at Receipt.forSystemFailure(Receipt.java:11)
	at Receipt.forSystemFailure(Receipt.java:11)
	at Receipt.forSystemFailure(Receipt.java:11)
	at Receipt.forSystemFailure(Receipt.java:11)
	at Receipt.forSystemFailure(Receipt.java:11)
	at Receipt.forSystemFailure(Receipt.java:11)
	at Receipt.forSystemFailure(Receipt.java:11)
	at Receipt.forSystemFailure(Receipt.java:11)
	at Receipt.forSystemFailure(Receipt.java:11)
	at Receipt.forSystemFailure(Receipt.java:11)
	at Receipt.forSystemFailure(Receipt.java:11)
	at Receipt.forSystemFailure(Receipt.java:11)
	at Receipt.forSystemFailure(Receipt.java:11)
	at Receipt.forSystemFailure(Receipt.java:11)
	at Receipt.forSystemFailure(Receipt.java:11)
	at Receipt.forSystemFailure(Receipt.java:11)
	at Receipt.forSystemFailure(Receipt.java:11)
	at Receipt.forSystemFailure(Receipt.java:11)
	at Receipt.forSystemFailure(Receipt.java:11)
	at Receipt.forSystemFailure(Receipt.java:11)
	at Receipt.forSystemFailure(Receipt.java:11)
	at Receipt.forSystemFailure(Receipt.java:11)
	at Receipt.forSystemFailure(Receipt.java:11)
	at Receipt.forSystemFailure(Receipt.java:11)
	at Receipt.forSystemFailure(Receipt.java:11)
	at Receipt.forSystemFailure(Receipt.java:11)
	at Receipt.forSystemFailure(Receipt.java:11)
	at Receipt.forSystemFailure(Receipt.java:11)
	at Receipt.forSystemFailure(Receipt.java:11)
	at Receipt.forSystemFailure(Receipt.java:11)
	at Receipt.forSystemFailure(Receipt.java:11)
	at Receipt.forSystemFailure(Receipt.java:11)
	at Receipt.forSystemFailure(Receipt.java:11)
	at Receipt.forSystemFailure(Receipt.java:11)
	at Receipt.forSystemFailure(Receipt.java:11)
	at Receipt.forSystemFailure(Receipt.java:11)
	at Receipt.forSystemFailure(Receipt.java:11)
	at Receipt.forSystemFailure(Receipt.java:11)
	at Receipt.forSystemFailure(Receipt.java:11)
	at Receipt.forSystemFailure(Receipt.java:11)
	at Receipt.forSystemFailure(Receipt.java:11)
	at Receipt.forSystemFailure(Receipt.java:11)
	at Receipt.forSystemFailure(Receipt.java:11)
	at Receipt.forSystemFailure(Receipt.java:11)
	at Receipt.forSystemFailure(Receipt.java:11)
	at Receipt.forSystemFailure(Receipt.java:11)
	at Receipt.forSystemFailure(Receipt.java:11)
	at Receipt.forSystemFailure(Receipt.java:11)
	at Receipt.forSystemFailure(Receipt.java:11)
	at Receipt.forSystemFailure(Receipt.java:11)
	at Receipt.forSystemFailure(Receipt.java:11)
	at Receipt.forSystemFailure(Receipt.java:11)
	at Receipt.forSystemFailure(Receipt.java:11)
	at Receipt.forSystemFailure(Receipt.java:11)
	at Receipt.forSystemFailure(Receipt.java:11)
	at Receipt.forSystemFailure(Receipt.java:11)
	at Receipt.forSystemFailure(Receipt.java:11)
	at Receipt.forSystemFailure(Receipt.java:11)
	at Receipt.forSystemFailure(Receipt.java:11)
	at Receipt.forSystemFailure(Receipt.java:11)
	at Receipt.forSystemFailure(Receipt.java:11)
	at Receipt.forSystemFailure(Receipt.java:11)
	at Receipt.forSystemFailure(Receipt.java:11)
	at Receipt.forSystemFailure(Receipt.java:11)
	at Receipt.forSystemFailure(Receipt.java:11)
	at Receipt.forSystemFailure(Receipt.java:11)
	at Receipt.forSystemFailure(Receipt.java:11)
	at Receipt.forSystemFailure(Receipt.java:11)
	at Receipt.forSystemFailure(Receipt.java:11)
	at Receipt.forSystemFailure(Receipt.java:11)
	at Receipt.forSystemFailure(Receipt.java:11)
	at Receipt.forSystemFailure(Receipt.java:11)
	at Receipt.forSystemFailure(Receipt.java:11)
	at Receipt.forSystemFailure(Receipt.java:11)
	at Receipt.forSystemFailure(Receipt.java:11)
	at Receipt.forSystemFailure(Receipt.java:11)
	at Receipt.forSystemFailure(Receipt.java:11)
	at Receipt.forSystemFailure(Receipt.java:11)
	at Receipt.forSystemFailure(Receipt.java:11)
	at Receipt.forSystemFailure(Receipt.java:11)
	at Receipt.forSystemFailure(Receipt.java:11)
	at Receipt.forSystemFailure(Receipt.java:11)
	at Receipt.forSystemFailure(Receipt.java:11)
	at Receipt.forSystemFailure(Receipt.java:11)
	at Receipt.forSystemFailure(Receipt.java:11)
	at Receipt.forSystemFailure(Receipt.java:11)
	at Receipt.forSystemFailure(Receipt.java:11)
	at Receipt.forSystemFailure(Receipt.java:11)
	at Receipt.forSystemFailure(Receipt.java:11)
	at Receipt.forSystemFailure(Receipt.java:11)
	at Receipt.forSystemFailure(Receipt.java:11)
	at Receipt.forSystemFailure(Receipt.java:11)
	at Receipt.forSystemFailure(Receipt.java:11)
	at Receipt.forSystemFailure(Receipt.java:11)
	at Receipt.forSystemFailure(Receipt.java:11)
	at Receipt.forSystemFailure(Receipt.java:11)
	at Receipt.forSystemFailure(Receipt.java:11)
	at Receipt.forSystemFailure(Receipt.java:11)
	at Receipt.forSystemFailure(Receipt.java:11)
	at Receipt.forSystemFailure(Receipt.java:11)
	at Receipt.forSystemFailure(Receipt.java:11)
	at Receipt.forSystemFailure(Receipt.java:11)
	at Receipt.forSystemFailure(Receipt.java:11)
	at Receipt.forSystemFailure(Receipt.java:11)
	at Receipt.forSystemFailure(Receipt.java:11)
	at Receipt.forSystemFailure(Receipt.java:11)
	at Receipt.forSystemFailure(Receipt.java:11)
	at Receipt.forSystemFailure(Receipt.java:11)
	at Receipt.forSystemFailure(Receipt.java:11)
	at Receipt.forSystemFailure(Receipt.java:11)
	at Receipt.forSystemFailure(Receipt.java:11)
	at Receipt.forSystemFailure(Receipt.java:11)
	at Receipt.forSystemFailure(Receipt.java:11)
	at Receipt.forSystemFailure(Receipt.java:11)
	at Receipt.forSystemFailure(Receipt.java:11)
	at Receipt.forSystemFailure(Receipt.java:11)
	at Receipt.forSystemFailure(Receipt.java:11)
	at Receipt.forSystemFailure(Receipt.java:11)
	at Receipt.forSystemFailure(Receipt.java:11)
	at Receipt.forSystemFailure(Receipt.java:11)
	at Receipt.forSystemFailure(Receipt.java:11)
	at Receipt.forSystemFailure(Receipt.java:11)
	at Receipt.forSystemFailure(Receipt.java:11)
	at Receipt.forSystemFailure(Receipt.java:11)
	at Receipt.forSystemFailure(Receipt.java:11)
	at Receipt.forSystemFailure(Receipt.java:11)
	at Receipt.forSystemFailure(Receipt.java:11)
	at Receipt.forSystemFailure(Receipt.java:11)
	at Receipt.forSystemFailure(Receipt.java:11)
	at Receipt.forSystemFailure(Receipt.java:11)
	at Receipt.forSystemFailure(Receipt.java:11)
	at Receipt.forSystemFailure(Receipt.java:11)
	at Receipt.forSystemFailure(Receipt.java:11)
	at Receipt.forSystemFailure(Receipt.java:11)
	at Receipt.forSystemFailure(Receipt.java:11)
	at Receipt.forSystemFailure(Receipt.java:11)
	at Receipt.forSystemFailure(Receipt.java:11)
	at Receipt.forSystemFailure(Receipt.java:11)
	at Receipt.forSystemFailure(Receipt.java:11)
	at Receipt.forSystemFailure(Receipt.java:11)
	at Receipt.forSystemFailure(Receipt.java:11)
	at Receipt.forSystemFailure(Receipt.java:11)
	at Receipt.forSystemFailure(Receipt.java:11)
	at Receipt.forSystemFailure(Receipt.java:11)
	at Receipt.forSystemFailure(Receipt.java:11)
	at Receipt.forSystemFailure(Receipt.java:11)
	at Receipt.forSystemFailure(Receipt.java:11)
	at Receipt.forSystemFailure(Receipt.java:11)
	at Receipt.forSystemFailure(Receipt.java:11)
	at Receipt.forSystemFailure(Receipt.java:11)
	at Receipt.forSystemFailure(Receipt.java:11)
	at Receipt.forSystemFailure(Receipt.java:11)
	at Receipt.forSystemFailure(Receipt.java:11)
	at Receipt.forSystemFailure(Receipt.java:11)
	at Receipt.forSystemFailure(Receipt.java:11)
	at Receipt.forSystemFailure(Receipt.java:11)
	at Receipt.forSystemFailure(Receipt.java:11)
	at Receipt.forSystemFailure(Receipt.java:11)
	at Receipt.forSystemFailure(Receipt.java:11)
	at Receipt.forSystemFailure(Receipt.java:11)
	at Receipt.forSystemFailure(Receipt.java:11)
	at Receipt.forSystemFailure(Receipt.java:11)
	at Receipt.forSystemFailure(Receipt.java:11)
	at Receipt.forSystemFailure(Receipt.java:11)
	at Receipt.forSystemFailure(Receipt.java:11)
	at Receipt.forSystemFailure(Receipt.java:11)
	at Receipt.forSystemFailure(Receipt.java:11)
	at Receipt.forSystemFailure(Receipt.java:11)
	at Receipt.forSystemFailure(Receipt.java:11)
	at Receipt.forSystemFailure(Receipt.java:11)
	at Receipt.forSystemFailure(Receipt.java:11)
	at Receipt.forSystemFailure(Receipt.java:11)
	at Receipt.forSystemFailure(Receipt.java:11)
	at Receipt.forSystemFailure(Receipt.java:11)
	at Receipt.forSystemFailure(Receipt.java:11)
	at Receipt.forSystemFailure(Receipt.java:11)
	at Receipt.forSystemFailure(Receipt.java:11)
	at Receipt.forSystemFailure(Receipt.java:11)
	at Receipt.forSystemFailure(Receipt.java:11)
	at Receipt.forSystemFailure(Receipt.java:11)
	at Receipt.forSystemFailure(Receipt.java:11)
	at Receipt.forSystemFailure(Receipt.java:11)
	at Receipt.forSystemFailure(Receipt.java:11)
	at Receipt.forSystemFailure(Receipt.java:11)
	at Receipt.forSystemFailure(Receipt.java:11)
	at Receipt.forSystemFailure(Receipt.java:11)
	at Receipt.forSystemFailure(Receipt.java:11)
	at Receipt.forSystemFailure(Receipt.java:11)
	at Receipt.forSystemFailure(Receipt.java:11)
	at Receipt.forSystemFailure(Receipt.java:11)
	at Receipt.forSystemFailure(Receipt.java:11)
	at Receipt.forSystemFailure(Receipt.java:11)
	at Receipt.forSystemFailure(Receipt.java:11)
	at Receipt.forSystemFailure(Receipt.java:11)
	at Receipt.forSystemFailure(Receipt.java:11)
	at Receipt.forSystemFailure(Receipt.java:11)
	at Receipt.forSystemFailure(Receipt.java:11)
	at Receipt.forSystemFailure(Receipt.java:11)
	at Receipt.forSystemFailure(Receipt.java:11)
	at Receipt.forSystemFailure(Receipt.java:11)
	at Receipt.forSystemFailure(Receipt.java:11)
	at Receipt.forSystemFailure(Receipt.java:11)
	at Receipt.forSystemFailure(Receipt.java:11)
	at Receipt.forSystemFailure(Receipt.java:11)
	at Receipt.forSystemFailure(Receipt.java:11)
	at Receipt.forSystemFailure(Receipt.java:11)
	at Receipt.forSystemFailure(Receipt.java:11)
	at Receipt.forSystemFailure(Receipt.java:11)
	at Receipt.forSystemFailure(Receipt.java:11)
	at Receipt.forSystemFailure(Receipt.java:11)
	at Receipt.forSystemFailure(Receipt.java:11)
	at Receipt.forSystemFailure(Receipt.java:11)
	at Receipt.forSystemFailure(Receipt.java:11)
	at Receipt.forSystemFailure(Receipt.java:11)
	at Receipt.forSystemFailure(Receipt.java:11)
	at Receipt.forSystemFailure(Receipt.java:11)
	at Receipt.forSystemFailure(Receipt.java:11)
	at Receipt.forSystemFailure(Receipt.java:11)
	at Receipt.forSystemFailure(Receipt.java:11)
	at Receipt.forSystemFailure(Receipt.java:11)
	at Receipt.forSystemFailure(Receipt.java:11)
	at Receipt.forSystemFailure(Receipt.java:11)
	at Receipt.forSystemFailure(Receipt.java:11)
	at Receipt.forSystemFailure(Receipt.java:11)
	at Receipt.forSystemFailure(Receipt.java:11)
	at Receipt.forSystemFailure(Receipt.java:11)
	at Receipt.forSystemFailure(Receipt.java:11)
	at Receipt.forSystemFailure(Receipt.java:11)
	at Receipt.forSystemFailure(Receipt.java:11)
	at Receipt.forSystemFailure(Receipt.java:11)
	at Receipt.forSystemFailure(Receipt.java:11)
	at Receipt.forSystemFailure(Receipt.java:11)
	at Receipt.forSystemFailure(Receipt.java:11)
	at Receipt.forSystemFailure(Receipt.java:11)
	at Receipt.forSystemFailure(Receipt.java:11)
	at Receipt.forSystemFailure(Receipt.java:11)
	at Receipt.forSystemFailure(Receipt.java:11)
	at Receipt.forSystemFailure(Receipt.java:11)
	at Receipt.forSystemFailure(Receipt.java:11)
	at Receipt.forSystemFailure(Receipt.java:11)
	at Receipt.forSystemFailure(Receipt.java:11)
	at Receipt.forSystemFailure(Receipt.java:11)
	at Receipt.forSystemFailure(Receipt.java:11)
	at Receipt.forSystemFailure(Receipt.java:11)
	at Receipt.forSystemFailure(Receipt.java:11)
	at Receipt.forSystemFailure(Receipt.java:11)
	at Receipt.forSystemFailure(Receipt.java:11)
	at Receipt.forSystemFailure(Receipt.java:11)
	at Receipt.forSystemFailure(Receipt.java:11)
	at Receipt.forSystemFailure(Receipt.java:11)
	at Receipt.forSystemFailure(Receipt.java:11)
	at Receipt.forSystemFailure(Receipt.java:11)
	at Receipt.forSystemFailure(Receipt.java:11)
	at Receipt.forSystemFailure(Receipt.java:11)
	at Receipt.forSystemFailure(Receipt.java:11)
	at Receipt.forSystemFailure(Receipt.java:11)
	at Receipt.forSystemFailure(Receipt.java:11)
	at Receipt.forSystemFailure(Receipt.java:11)
	at Receipt.forSystemFailure(Receipt.java:11)
	at Receipt.forSystemFailure(Receipt.java:11)
	at Receipt.forSystemFailure(Receipt.java:11)
	at Receipt.forSystemFailure(Receipt.java:11)
	at Receipt.forSystemFailure(Receipt.java:11)
	at Receipt.forSystemFailure(Receipt.java:11)
	at Receipt.forSystemFailure(Receipt.java:11)
	at Receipt.forSystemFailure(Receipt.java:11)
	at Receipt.forSystemFailure(Receipt.java:11)
	at Receipt.forSystemFailure(Receipt.java:11)
	at Receipt.forSystemFailure(Receipt.java:11)
	at Receipt.forSystemFailure(Receipt.java:11)
	at Receipt.forSystemFailure(Receipt.java:11)
	at Receipt.forSystemFailure(Receipt.java:11)
	at Receipt.forSystemFailure(Receipt.java:11)
	at Receipt.forSystemFailure(Receipt.java:11)
	at Receipt.forSystemFailure(Receipt.java:11)
	at Receipt.forSystemFailure(Receipt.java:11)
	at Receipt.forSystemFailure(Receipt.java:11)
	at Receipt.forSystemFailure(Receipt.java:11)
	at Receipt.forSystemFailure(Receipt.java:11)
	at Receipt.forSystemFailure(Receipt.java:11)
	at Receipt.forSystemFailure(Receipt.java:11)
	at Receipt.forSystemFailure(Receipt.java:11)
	at Receipt.forSystemFailure(Receipt.java:11)
	at Receipt.forSystemFailure(Receipt.java:11)
	at Receipt.forSystemFailure(Receipt.java:11)
	at Receipt.forSystemFailure(Receipt.java:11)
	at Receipt.forSystemFailure(Receipt.java:11)
	at Receipt.forSystemFailure(Receipt.java:11)
	at Receipt.forSystemFailure(Receipt.java:11)
	at Receipt.forSystemFailure(Receipt.java:11)
	at Receipt.forSystemFailure(Receipt.java:11)
	at Receipt.forSystemFailure(Receipt.java:11)
	at Receipt.forSystemFailure(Receipt.java:11)
	at Receipt.forSystemFailure(Receipt.java:11)
	at Receipt.forSystemFailure(Receipt.java:11)
	at Receipt.forSystemFailure(Receipt.java:11)
	at Receipt.forSystemFailure(Receipt.java:11)
	at Receipt.forSystemFailure(Receipt.java:11)
	at Receipt.forSystemFailure(Receipt.java:11)
	at Receipt.forSystemFailure(Receipt.java:11)
	at Receipt.forSystemFailure(Receipt.java:11)
	at Receipt.forSystemFailure(Receipt.java:11)
	at Receipt.forSystemFailure(Receipt.java:11)
	at Receipt.forSystemFailure(Receipt.java:11)
	at Receipt.forSystemFailure(Receipt.java:11)
	at Receipt.forSystemFailure(Receipt.java:11)
	at Receipt.forSystemFailure(Receipt.java:11)
	at Receipt.forSystemFailure(Receipt.java:11)
	at Receipt.forSystemFailure(Receipt.java:11)
	at Receipt.forSystemFailure(Receipt.java:11)
	at Receipt.forSystemFailure(Receipt.java:11)
	at Receipt.forSystemFailure(Receipt.java:11)
	at Receipt.forSystemFailure(Receipt.java:11)
	at Receipt.forSystemFailure(Receipt.java:11)
	at Receipt.forSystemFailure(Receipt.java:11)
	at Receipt.forSystemFailure(Receipt.java:11)
	at Receipt.forSystemFailure(Receipt.java:11)
	at Receipt.forSystemFailure(Receipt.java:11)
	at Receipt.forSystemFailure(Receipt.java:11)
	at Receipt.forSystemFailure(Receipt.java:11)
	at Receipt.forSystemFailure(Receipt.java:11)
	at Receipt.forSystemFailure(Receipt.java:11)
	at Receipt.forSystemFailure(Receipt.java:11)
	at Receipt.forSystemFailure(Receipt.java:11)
	at Receipt.forSystemFailure(Receipt.java:11)
	at Receipt.forSystemFailure(Receipt.java:11)
	at Receipt.forSystemFailure(Receipt.java:11)
	at Receipt.forSystemFailure(Receipt.java:11)
	at Receipt.forSystemFailure(Receipt.java:11)
	at Receipt.forSystemFailure(Receipt.java:11)
	at Receipt.forSystemFailure(Receipt.java:11)
	at Receipt.forSystemFailure(Receipt.java:11)
	at Receipt.forSystemFailure(Receipt.java:11)
	at Receipt.forSystemFailure(Receipt.java:11)
	at Receipt.forSystemFailure(Receipt.java:11)
	at Receipt.forSystemFailure(Receipt.java:11)
	at Receipt.forSystemFailure(Receipt.java:11)
	at Receipt.forSystemFailure(Receipt.java:11)
	at Receipt.forSystemFailure(Receipt.java:11)
	at Receipt.forSystemFailure(Receipt.java:11)
	at Receipt.forSystemFailure(Receipt.java:11)
	at Receipt.forSystemFailure(Receipt.java:11)
	at Receipt.forSystemFailure(Receipt.java:11)
	at Receipt.forSystemFailure(Receipt.java:11)
	at Receipt.forSystemFailure(Receipt.java:11)
	at Receipt.forSystemFailure(Receipt.java:11)
	at Receipt.forSystemFailure(Receipt.java:11)
	at Receipt.forSystemFailure(Receipt.java:11)
	at Receipt.forSystemFailure(Receipt.java:11)
	at Receipt.forSystemFailure(Receipt.java:11)
	at Receipt.forSystemFailure(Receipt.java:11)
	at Receipt.forSystemFailure(Receipt.java:11)
	at Receipt.forSystemFailure(Receipt.java:11)
	at Receipt.forSystemFailure(Receipt.java:11)
	at Receipt.forSystemFailure(Receipt.java:11)
	at Receipt.forSystemFailure(Receipt.java:11)
	at Receipt.forSystemFailure(Receipt.java:11)
	at Receipt.forSystemFailure(Receipt.java:11)
	at Receipt.forSystemFailure(Receipt.java:11)
	at Receipt.forSystemFailure(Receipt.java:11)
	at Receipt.forSystemFailure(Receipt.java:11)
	at Receipt.forSystemFailure(Receipt.java:11)
	at Receipt.forSystemFailure(Receipt.java:11)
	at Receipt.forSystemFailure(Receipt.java:11)
	at Receipt.forSystemFailure(Receipt.java:11)
	at Receipt.forSystemFailure(Receipt.java:11)
	at Receipt.forSystemFailure(Receipt.java:11)
	at Receipt.forSystemFailure(Receipt.java:11)
	at Receipt.forSystemFailure(Receipt.java:11)
	at Receipt.forSystemFailure(Receipt.java:11)
	at Receipt.forSystemFailure(Receipt.java:11)
	at Receipt.forSystemFailure(Receipt.java:11)
	at Receipt.forSystemFailure(Receipt.java:11)
	at Receipt.forSystemFailure(Receipt.java:11)
	at Receipt.forSystemFailure(Receipt.java:11)
	at Receipt.forSystemFailure(Receipt.java:11)
	at Receipt.forSystemFailure(Receipt.java:11)
	at Receipt.forSystemFailure(Receipt.java:11)
	at Receipt.forSystemFailure(Receipt.java:11)
	at Receipt.forSystemFailure(Receipt.java:11)
	at Receipt.forSystemFailure(Receipt.java:11)
	at Receipt.forSystemFailure(Receipt.java:11)
	at Receipt.forSystemFailure(Receipt.java:11)
	at Receipt.forSystemFailure(Receipt.java:11)
	at Receipt.forSystemFailure(Receipt.java:11)
	at Receipt.forSystemFailure(Receipt.java:11)
	at Receipt.forSystemFailure(Receipt.java:11)
	at Receipt.forSystemFailure(Receipt.java:11)
	at Receipt.forSystemFailure(Receipt.java:11)
	at Receipt.forSystemFailure(Receipt.java:11)
	at Receipt.forSystemFailure(Receipt.java:11)
	at Receipt.forSystemFailure(Receipt.java:11)
	at Receipt.forSystemFailure(Receipt.java:11)
	at Receipt.forSystemFailure(Receipt.java:11)
	at Receipt.forSystemFailure(Receipt.java:11)
	at Receipt.forSystemFailure(Receipt.java:11)
	at Receipt.forSystemFailure(Receipt.java:11)
	at Receipt.forSystemFailure(Receipt.java:11)
	at Receipt.forSystemFailure(Receipt.java:11)
	at Receipt.forSystemFailure(Receipt.java:11)
	at Receipt.forSystemFailure(Receipt.java:11)
	at Receipt.forSystemFailure(Receipt.java:11)
	at Receipt.forSystemFailure(Receipt.java:11)
	at Receipt.forSystemFailure(Receipt.java:11)
	at Receipt.forSystemFailure(Receipt.java:11)
	at Receipt.forSystemFailure(Receipt.java:11)
	at Receipt.forSystemFailure(Receipt.java:11)
	at Receipt.forSystemFailure(Receipt.java:11)
	at Receipt.forSystemFailure(Receipt.java:11)
	at Receipt.forSystemFailure(Receipt.java:11)
	at Receipt.forSystemFailure(Receipt.java:11)
	at Receipt.forSystemFailure(Receipt.java:11)
	at Receipt.forSystemFailure(Receipt.java:11)
	at Receipt.forSystemFailure(Receipt.java:11)
	at Receipt.forSystemFailure(Receipt.java:11)
	at Receipt.forSystemFailure(Receipt.java:11)
	at Receipt.forSystemFailure(Receipt.java:11)
	at Receipt.forSystemFailure(Receipt.java:11)
	at Receipt.forSystemFailure(Receipt.java:11)
	at Receipt.forSystemFailure(Receipt.java:11)
	at Receipt.forSystemFailure(Receipt.java:11)
	at Receipt.forSystemFailure(Receipt.java:11)
	at Receipt.forSystemFailure(Receipt.java:11)
	at Receipt.forSystemFailure(Receipt.java:11)
	at Receipt.forSystemFailure(Receipt.java:11)
	at Receipt.forSystemFailure(Receipt.java:11)
	at Receipt.forSystemFailure(Receipt.java:11)
	at Receipt.forSystemFailure(Receipt.java:11)
	at Receipt.forSystemFailure(Receipt.java:11)
	at Receipt.forSystemFailure(Receipt.java:11)
	at Receipt.forSystemFailure(Receipt.java:11)
	at Receipt.forSystemFailure(Receipt.java:11)
	at Receipt.forSystemFailure(Receipt.java:11)
	at Receipt.forSystemFailure(Receipt.java:11)
	at Receipt.forSystemFailure(Receipt.java:11)
	at Receipt.forSystemFailure(Receipt.java:11)
	at Receipt.forSystemFailure(Receipt.java:11)
	at Receipt.forSystemFailure(Receipt.java:11)
	at Receipt.forSystemFailure(Receipt.java:11)
	at Receipt.forSystemFailure(Receipt.java:11)
	at Receipt.forSystemFailure(Receipt.java:11)
	at Receipt.forSystemFailure(Receipt.java:11)
	at Receipt.forSystemFailure(Receipt.java:11)
	at Receipt.forSystemFailure(Receipt.java:11)
	at Receipt.forSystemFailure(Receipt.java:11)
	at Receipt.forSystemFailure(Receipt.java:11)
	at Receipt.forSystemFailure(Receipt.java:11)
	at Receipt.forSystemFailure(Receipt.java:11)
	at Receipt.forSystemFailure(Receipt.java:11)
	at Receipt.forSystemFailure(Receipt.java:11)
	at Receipt.forSystemFailure(Receipt.java:11)
	at Receipt.forSystemFailure(Receipt.java:11)
	at Receipt.forSystemFailure(Receipt.java:11)
	at Receipt.forSystemFailure(Receipt.java:11)
	at Receipt.forSystemFailure(Receipt.java:11)
	at Receipt.forSystemFailure(Receipt.java:11)
	at Receipt.forSystemFailure(Receipt.java:11)
	at Receipt.forSystemFailure(Receipt.java:11)
	at Receipt.forSystemFailure(Receipt.java:11)
	at Receipt.forSystemFailure(Receipt.java:11)
	at Receipt.forSystemFailure(Receipt.java:11)
	at Receipt.forSystemFailure(Receipt.java:11)
	at Receipt.forSystemFailure(Receipt.java:11)
	at Receipt.forSystemFailure(Receipt.java:11)
	at Receipt.forSystemFailure(Receipt.java:11)
	at Receipt.forSystemFailure(Receipt.java:11)
	at Receipt.forSystemFailure(Receipt.java:11)
	at Receipt.forSystemFailure(Receipt.java:11)
	at Receipt.forSystemFailure(Receipt.java:11)
	at Receipt.forSystemFailure(Receipt.java:11)
	at Receipt.forSystemFailure(Receipt.java:11)
	at Receipt.forSystemFailure(Receipt.java:11)
	at Receipt.forSystemFailure(Receipt.java:11)
	at Receipt.forSystemFailure(Receipt.java:11)
	at Receipt.forSystemFailure(Receipt.java:11)
	at Receipt.forSystemFailure(Receipt.java:11)
	at Receipt.forSystemFailure(Receipt.java:11)
	at Receipt.forSystemFailure(Receipt.java:11)
	at Receipt.forSystemFailure(Receipt.java:11)
	at Receipt.forSystemFailure(Receipt.java:11)
	at Receipt.forSystemFailure(Receipt.java:11)
	at Receipt.forSystemFailure(Receipt.java:11)
	at Receipt.forSystemFailure(Receipt.java:11)
	at Receipt.forSystemFailure(Receipt.java:11)
	at Receipt.forSystemFailure(Receipt.java:11)
	at Receipt.forSystemFailure(Receipt.java:11)
	at Receipt.forSystemFailure(Receipt.java:11)
	at Receipt.forSystemFailure(Receipt.java:11)
	at Receipt.forSystemFailure(Receipt.java:11)
	at Receipt.forSystemFailure(Receipt.java:11)
	at Receipt.forSystemFailure(Receipt.java:11)
	at Receipt.forSystemFailure(Receipt.java:11)
	at Receipt.forSystemFailure(Receipt.java:11)
	at Receipt.forSystemFailure(Receipt.java:11)
	at Receipt.forSystemFailure(Receipt.java:11)
	at Receipt.forSystemFailure(Receipt.java:11)
	at Receipt.forSystemFailure(Receipt.java:11)
	at Receipt.forSystemFailure(Receipt.java:11)
	at Receipt.forSystemFailure(Receipt.java:11)
	at Receipt.forSystemFailure(Receipt.java:11)
	at Receipt.forSystemFailure(Receipt.java:11)
	at Receipt.forSystemFailure(Receipt.java:11)
	at Receipt.forSystemFailure(Receipt.java:11)
	at Receipt.forSystemFailure(Receipt.java:11)
	at Receipt.forSystemFailure(Receipt.java:11)
	at Receipt.forSystemFailure(Receipt.java:11)
	at Receipt.forSystemFailure(Receipt.java:11)
	at Receipt.forSystemFailure(Receipt.java:11)
	at Receipt.forSystemFailure(Receipt.java:11)
	at Receipt.forSystemFailure(Receipt.java:11)
	at Receipt.forSystemFailure(Receipt.java:11)
	at Receipt.forSystemFailure(Receipt.java:11)
	at Receipt.forSystemFailure(Receipt.java:11)
	at Receipt.forSystemFailure(Receipt.java:11)
	at Receipt.forSystemFailure(Receipt.java:11)
	at Receipt.forSystemFailure(Receipt.java:11)
	at Receipt.forSystemFailure(Receipt.java:11)
	at Receipt.forSystemFailure(Receipt.java:11)
	at Receipt.forSystemFailure(Receipt.java:11)
	at Receipt.forSystemFailure(Receipt.java:11)
	at Receipt.forSystemFailure(Receipt.java:11)
	at Receipt.forSystemFailure(Receipt.java:11)
	at Receipt.forSystemFailure(Receipt.java:11)
	at Receipt.forSystemFailure(Receipt.java:11)
	at Receipt.forSystemFailure(Receipt.java:11)
	at Receipt.forSystemFailure(Receipt.java:11)
	at Receipt.forSystemFailure(Receipt.java:11)
	at Receipt.forSystemFailure(Receipt.java:11)
	at Receipt.forSystemFailure(Receipt.java:11)
	at Receipt.forSystemFailure(Receipt.java:11)
	at Receipt.forSystemFailure(Receipt.java:11)
	at Receipt.forSystemFailure(Receipt.java:11)
	at Receipt.forSystemFailure(Receipt.java:11)
	at Receipt.forSystemFailure(Receipt.java:11)
	at Receipt.forSystemFailure(Receipt.java:11)
	at Receipt.forSystemFailure(Receipt.java:11)
	at Receipt.forSystemFailure(Receipt.java:11)
	at Receipt.forSystemFailure(Receipt.java:11)
	at Receipt.forSystemFailure(Receipt.java:11)
	at Receipt.forSystemFailure(Receipt.java:11)
	at Receipt.forSystemFailure(Receipt.java:11)
	at Receipt.forSystemFailure(Receipt.java:11)
	at Receipt.forSystemFailure(Receipt.java:11)
	at Receipt.forSystemFailure(Receipt.java:11)
	at Receipt.forSystemFailure(Receipt.java:11)
	at Receipt.forSystemFailure(Receipt.java:11)
	at Receipt.forSystemFailure(Receipt.java:11)
	at Receipt.forSystemFailure(Receipt.java:11)
	at Receipt.forSystemFailure(Receipt.java:11)
	at Receipt.forSystemFailure(Receipt.java:11)
	at Receipt.forSystemFailure(Receipt.java:11)
	at Receipt.forSystemFailure(Receipt.java:11)
	at Receipt.forSystemFailure(Receipt.java:11)
	at Receipt.forSystemFailure(Receipt.java:11)
	at Receipt.forSystemFailure(Receipt.java:11)
	at Receipt.forSystemFailure(Receipt.java:11)
	at Receipt.forSystemFailure(Receipt.java:11)
	at Receipt.forSystemFailure(Receipt.java:11)
	at Receipt.forSystemFailure(Receipt.java:11)
	at Receipt.forSystemFailure(Receipt.java:11)
	at Receipt.forSystemFailure(Receipt.java:11)
	at Receipt.forSystemFailure(Receipt.java:11)
	at Receipt.forSystemFailure(Receipt.java:11)
	at Receipt.forSystemFailure(Receipt.java:11)
	at Receipt.forSystemFailure(Receipt.java:11)
	at Receipt.forSystemFailure(Receipt.java:11)
	at Receipt.forSystemFailure(Receipt.java:11)
	at Receipt.forSystemFailure(Receipt.java:11)
	at Receipt.forSystemFailure(Receipt.java:11)
	at Receipt.forSystemFailure(Receipt.java:11)
	at Receipt.forSystemFailure(Receipt.java:11)
	at Receipt.forSystemFailure(Receipt.java:11)
	at Receipt.forSystemFailure(Receipt.java:11)
	at Receipt.forSystemFailure(Receipt.java:11)
	at Receipt.forSystemFailure(Receipt.java:11)
	at Receipt.forSystemFailure(Receipt.java:11)
	at Receipt.forSystemFailure(Receipt.java:11)
	at Receipt.forSystemFailure(Receipt.java:11)
	at Receipt.forSystemFailure(Receipt.java:11)
	at Receipt.forSystemFailure(Receipt.java:11)
	at Receipt.forSystemFailure(Receipt.java:11)
	at Receipt.forSystemFailure(Receipt.java:11)
	at Receipt.forSystemFailure(Receipt.java:11)
	at Receipt.forSystemFailure(Receipt.java:11)
	at Receipt.forSystemFailure(Receipt.java:11)
	at Receipt.forSystemFailure(Receipt.java:11)
	at Receipt.forSystemFailure(Receipt.java:11)
	at Receipt.forSystemFailure(Receipt.java:11)
	at Receipt.forSystemFailure(Receipt.java:11)
	at Receipt.forSystemFailure(Receipt.java:11)
	at Receipt.forSystemFailure(Receipt.java:11)
	at Receipt.forSystemFailure(Receipt.java:11)
	at Receipt.forSystemFailure(Receipt.java:11)
	at Receipt.forSystemFailure(Receipt.java:11)
	at Receipt.forSystemFailure(Receipt.java:11)
	at Receipt.forSystemFailure(Receipt.java:11)
	at Receipt.forSystemFailure(Receipt.java:11)
	at Receipt.forSystemFailure(Receipt.java:11)
	at Receipt.forSystemFailure(Receipt.java:11)
	at Receipt.forSystemFailure(Receipt.java:11)
	at Receipt.forSystemFailure(Receipt.java:11)
	at Receipt.forSystemFailure(Receipt.java:11)
	at Receipt.forSystemFailure(Receipt.java:11)
	at Receipt.forSystemFailure(Receipt.java:11)
	at Receipt.forSystemFailure(Receipt.java:11)
	at Receipt.forSystemFailure(Receipt.java:11)
	at Receipt.forSystemFailure(Receipt.java:11)
	at Receipt.forSystemFailure(Receipt.java:11)
	at Receipt.forSystemFailure(Receipt.java:11)
	at Receipt.forSystemFailure(Receipt.java:11)
	at Receipt.forSystemFailure(Receipt.java:11)
	at Receipt.forSystemFailure(Receipt.java:11)
	at Receipt.forSystemFailure(Receipt.java:11)
	at Receipt.forSystemFailure(Receipt.java:11)
	at Receipt.forSystemFailure(Receipt.java:11)
	at Receipt.forSystemFailure(Receipt.java:11)
	at Receipt.forSystemFailure(Receipt.java:11)
	at Receipt.forSystemFailure(Receipt.java:11)
	at Receipt.forSystemFailure(Receipt.java:11)
	at Receipt.forSystemFailure(Receipt.java:11)
	at Receipt.forSystemFailure(Receipt.java:11)
	at Receipt.forSystemFailure(Receipt.java:11)
	at Receipt.forSystemFailure(Receipt.java:11)
	at Receipt.forSystemFailure(Receipt.java:11)
	at Receipt.forSystemFailure(Receipt.java:11)
	at Receipt.forSystemFailure(Receipt.java:11)
	at Receipt.forSystemFailure(Receipt.java:11)
	at Receipt.forSystemFailure(Receipt.java:11)
	at Receipt.forSystemFailure(Receipt.java:11)
	at Receipt.forSystemFailure(Receipt.java:11)
	at Receipt.forSystemFailure(Receipt.java:11)
	at Receipt.forSystemFailure(Receipt.java:11)
	at Receipt.forSystemFailure(Receipt.java:11)
	at Receipt.forSystemFailure(Receipt.java:11)
	at Receipt.forSystemFailure(Receipt.java:11)
	at Receipt.forSystemFailure(Receipt.java:11)
	at Receipt.forSystemFailure(Receipt.java:11)
	at Receipt.forSystemFailure(Receipt.java:11)
	at Receipt.forSystemFailure(Receipt.java:11)
	at Receipt.forSystemFailure(Receipt.java:11)
	at Receipt.forSystemFailure(Receipt.java:11)
	at Receipt.forSystemFailure(Receipt.java:11)
	at Receipt.forSystemFailure(Receipt.java:11)
	at Receipt.forSystemFailure(Receipt.java:11)
	at Receipt.forSystemFailure(Receipt.java:11)
	at Receipt.forSystemFailure(Receipt.java:11)
	at Receipt.forSystemFailure(Receipt.java:11)
	at Receipt.forSystemFailure(Receipt.java:11)
	at Receipt.forSystemFailure(Receipt.java:11)
	at Receipt.forSystemFailure(Receipt.java:11)
	at Receipt.forSystemFailure(Receipt.java:11)
	at Receipt.forSystemFailure(Receipt.java:11)
	at Receipt.forSystemFailure(Receipt.java:11)
	at Receipt.forSystemFailure(Receipt.java:11)
	at Receipt.forSystemFailure(Receipt.java:11)
	at Receipt.forSystemFailure(Receipt.java:11)
	at Receipt.forSystemFailure(Receipt.java:11)
	at Receipt.forSystemFailure(Receipt.java:11)
	at Receipt.forSystemFailure(Receipt.java:11)
	at Receipt.forSystemFailure(Receipt.java:11)
	at Receipt.forSystemFailure(Receipt.java:11)
	at Receipt.forSystemFailure(Receipt.java:11)
	at Receipt.forSystemFailure(Receipt.java:11)
</failure>
  </testcase>
  <system-out><![CDATA[InMemoryTransactionLog@42920597
null
null
]]></system-out>
  <system-err><![CDATA[]]></system-err>
</testsuite>
