<?xml version="1.0" encoding="UTF-8"?>
<testsuite name="ReverseNumberTest" tests="1" skipped="0" failures="0" errors="0" timestamp="2019-05-30T08:32:55" hostname="tcgpc1-HP-250-G5-Notebook-PC" time="0.007">
  <properties/>
  <testcase name="reverse" classname="ReverseNumberTest" time="0.007"/>
  <system-out><![CDATA[]]></system-out>
  <system-err><![CDATA[]]></system-err>
</testsuite>
