<?xml version="1.0" encoding="UTF-8"?>
<testsuite name="userTest" tests="1" skipped="0" failures="0" errors="0" timestamp="2019-05-10T09:13:52" hostname="tcgpc1-HP-250-G5-Notebook-PC" time="0.968">
  <properties/>
  <testcase name="testDatabase" classname="userTest" time="0.968"/>
  <system-out><![CDATA[]]></system-out>
  <system-err><![CDATA[]]></system-err>
</testsuite>
