<?xml version="1.0" encoding="UTF-8"?>
<testsuite name="FindOddTest" tests="1" skipped="0" failures="0" errors="0" timestamp="2019-05-31T07:35:28" hostname="tcgpc1-HP-250-G5-Notebook-PC" time="0.002">
  <properties/>
  <testcase name="findTest" classname="FindOddTest" time="0.002"/>
  <system-out><![CDATA[]]></system-out>
  <system-err><![CDATA[]]></system-err>
</testsuite>
